{"/Users/dennis.oliveira/www/youse/cargo-components-community/src/index.tsx": {"path":"/Users/dennis.oliveira/www/youse/cargo-components-community/src/index.tsx","statementMap":{"0":{"start":{"line":1,"column":0},"end":{"line":1,"column":9}},"1":{"start":{"line":1,"column":9},"end":{"line":1,"column":33}},"2":{"start":{"line":2,"column":0},"end":{"line":2,"column":9}},"3":{"start":{"line":2,"column":9},"end":{"line":2,"column":32}}},"fnMap":{"0":{"name":"(anonymous_1)","decl":{"start":{"line":1,"column":9},"end":{"line":1,"column":16}},"loc":{"start":{"line":1,"column":9},"end":{"line":1,"column":33}}},"1":{"name":"(anonymous_2)","decl":{"start":{"line":2,"column":9},"end":{"line":2,"column":16}},"loc":{"start":{"line":2,"column":9},"end":{"line":2,"column":32}}}},"branchMap":{},"s":{"0":0,"1":0,"2":0,"3":0},"f":{"0":0,"1":0},"b":{}}
,"/Users/dennis.oliveira/www/youse/cargo-components-community/src/cargo/GlobalStyles/GlobalStyles.tsx": {"path":"/Users/dennis.oliveira/www/youse/cargo-components-community/src/cargo/GlobalStyles/GlobalStyles.tsx","statementMap":{"0":{"start":{"line":6,"column":0},"end":{"line":6,"column":54}},"1":{"start":{"line":8,"column":21},"end":{"line":202,"column":null}},"2":{"start":{"line":17,"column":35},"end":{"line":17,"column":null}},"3":{"start":{"line":202,"column":29},"end":{"line":202,"column":null}},"4":{"start":{"line":639,"column":0},"end":{"line":639,"column":28}}},"fnMap":{"0":{"name":"(anonymous_0)","decl":{"start":{"line":17,"column":24},"end":{"line":17,"column":25}},"loc":{"start":{"line":17,"column":30},"end":{"line":17,"column":40}}},"1":{"name":"(anonymous_1)","decl":{"start":{"line":202,"column":18},"end":{"line":202,"column":19}},"loc":{"start":{"line":202,"column":24},"end":{"line":202,"column":34}}}},"branchMap":{"0":{"loc":{"start":{"line":8,"column":38},"end":{"line":8,"column":null}},"type":"binary-expr","locations":[{"start":{"line":8,"column":38},"end":{"line":8,"column":null}},{"start":{"line":8,"column":38},"end":{"line":637,"column":2}}]}},"s":{"0":0,"1":0,"2":0,"3":0,"4":0},"f":{"0":0,"1":0},"b":{"0":[0,0]}}
,"/Users/dennis.oliveira/www/youse/cargo-components-community/src/cargo/Text/Text.stories.tsx": {"path":"/Users/dennis.oliveira/www/youse/cargo-components-community/src/cargo/Text/Text.stories.tsx","statementMap":{"0":{"start":{"line":2,"column":0},"end":{"line":2,"column":31}},"1":{"start":{"line":3,"column":0},"end":{"line":3,"column":45}},"2":{"start":{"line":4,"column":0},"end":{"line":4,"column":26}},"3":{"start":{"line":13,"column":30},"end":{"line":13,"column":67}},"4":{"start":{"line":14,"column":34},"end":{"line":14,"column":53}},"5":{"start":{"line":16,"column":0},"end":{"line":28,"column":3}},"6":{"start":{"line":16,"column":53},"end":{"line":28,"column":2}},"7":{"start":{"line":18,"column":32},"end":{"line":26,"column":6}},"8":{"start":{"line":20,"column":40},"end":{"line":24,"column":10}}},"fnMap":{"0":{"name":"(anonymous_0)","decl":{"start":{"line":16,"column":47},"end":{"line":16,"column":53}},"loc":{"start":{"line":16,"column":47},"end":{"line":16,"column":null}}},"1":{"name":"(anonymous_1)","decl":{"start":{"line":18,"column":19},"end":{"line":18,"column":20}},"loc":{"start":{"line":18,"column":27},"end":{"line":18,"column":null}}},"2":{"name":"(anonymous_2)","decl":{"start":{"line":20,"column":25},"end":{"line":20,"column":26}},"loc":{"start":{"line":20,"column":35},"end":{"line":20,"column":null}}}},"branchMap":{"0":{"loc":{"start":{"line":21,"column":63},"end":{"line":21,"column":69}},"type":"cond-expr","locations":[{"start":{"line":21,"column":63},"end":{"line":21,"column":69}},{"start":{"line":21,"column":72},"end":{"line":21,"column":79}}]}},"s":{"0":0,"1":0,"2":0,"3":0,"4":0,"5":0,"6":0,"7":0,"8":0},"f":{"0":0,"1":0,"2":0},"b":{"0":[0,0]}}
,"/Users/dennis.oliveira/www/youse/cargo-components-community/src/cargo/Text/Text.styles.tsx": {"path":"/Users/dennis.oliveira/www/youse/cargo-components-community/src/cargo/Text/Text.styles.tsx","statementMap":{"0":{"start":{"line":1,"column":0},"end":{"line":1,"column":40}},"1":{"start":{"line":2,"column":0},"end":{"line":2,"column":53}},"2":{"start":{"line":4,"column":19},"end":{"line":60,"column":null}},"3":{"start":{"line":15,"column":25},"end":{"line":15,"column":null}},"4":{"start":{"line":40,"column":35},"end":{"line":40,"column":null}},"5":{"start":{"line":50,"column":37},"end":{"line":50,"column":null}},"6":{"start":{"line":60,"column":24},"end":{"line":60,"column":null}},"7":{"start":{"line":69,"column":0},"end":{"line":69,"column":26}}},"fnMap":{"0":{"name":"(anonymous_0)","decl":{"start":{"line":15,"column":14},"end":{"line":15,"column":15}},"loc":{"start":{"line":15,"column":20},"end":{"line":15,"column":30}}},"1":{"name":"(anonymous_1)","decl":{"start":{"line":40,"column":24},"end":{"line":40,"column":25}},"loc":{"start":{"line":40,"column":30},"end":{"line":40,"column":40}}},"2":{"name":"(anonymous_2)","decl":{"start":{"line":50,"column":26},"end":{"line":50,"column":27}},"loc":{"start":{"line":50,"column":32},"end":{"line":50,"column":42}}},"3":{"name":"(anonymous_3)","decl":{"start":{"line":60,"column":13},"end":{"line":60,"column":14}},"loc":{"start":{"line":60,"column":19},"end":{"line":60,"column":29}}}},"branchMap":{"0":{"loc":{"start":{"line":4,"column":22},"end":{"line":4,"column":null}},"type":"binary-expr","locations":[{"start":{"line":4,"column":22},"end":{"line":4,"column":null}},{"start":{"line":4,"column":22},"end":{"line":67,"column":2}}]}},"s":{"0":1,"1":1,"2":1,"3":1,"4":1,"5":1,"6":1,"7":1},"f":{"0":1,"1":1,"2":1,"3":1},"b":{"0":[1,1]}}
,"/Users/dennis.oliveira/www/youse/cargo-components-community/src/cargo/Text/Text.tsx": {"path":"/Users/dennis.oliveira/www/youse/cargo-components-community/src/cargo/Text/Text.tsx","statementMap":{"0":{"start":{"line":2,"column":0},"end":{"line":2,"column":31}},"1":{"start":{"line":3,"column":0},"end":{"line":3,"column":80}},"2":{"start":{"line":4,"column":0},"end":{"line":4,"column":39}},"3":{"start":{"line":5,"column":0},"end":{"line":5,"column":53}},"4":{"start":{"line":6,"column":0},"end":{"line":6,"column":74}},"5":{"start":{"line":7,"column":0},"end":{"line":7,"column":39}},"6":{"start":{"line":9,"column":22},"end":{"line":9,"column":59}},"7":{"start":{"line":20,"column":41},"end":{"line":20,"column":65}},"8":{"start":{"line":20,"column":53},"end":{"line":20,"column":97}},"9":{"start":{"line":23,"column":41},"end":{"line":32,"column":1}},"10":{"start":{"line":24,"column":2},"end":{"line":31,"column":null}},"11":{"start":{"line":26,"column":6},"end":{"line":26,"column":17}},"12":{"start":{"line":28,"column":6},"end":{"line":28,"column":17}},"13":{"start":{"line":30,"column":6},"end":{"line":30,"column":17}},"14":{"start":{"line":35,"column":37},"end":{"line":35,"column":59}},"15":{"start":{"line":35,"column":47},"end":{"line":35,"column":93}},"16":{"start":{"line":38,"column":41},"end":{"line":39,"column":14}},"17":{"start":{"line":39,"column":2},"end":{"line":39,"column":54}},"18":{"start":{"line":56,"column":19},"end":{"line":70,"column":null}},"19":{"start":{"line":57,"column":28},"end":{"line":57,"column":null}},"20":{"start":{"line":58,"column":28},"end":{"line":58,"column":null}},"21":{"start":{"line":59,"column":26},"end":{"line":59,"column":null}},"22":{"start":{"line":60,"column":28},"end":{"line":60,"column":null}},"23":{"start":{"line":61,"column":27},"end":{"line":61,"column":null}},"24":{"start":{"line":62,"column":22},"end":{"line":62,"column":null}},"25":{"start":{"line":65,"column":29},"end":{"line":65,"column":null}},"26":{"start":{"line":68,"column":29},"end":{"line":68,"column":null}},"27":{"start":{"line":87,"column":13},"end":{"line":114,"column":null}},"28":{"start":{"line":89,"column":4},"end":{"line":89,"column":6}},"29":{"start":{"line":89,"column":6},"end":{"line":89,"column":null}},"30":{"start":{"line":90,"column":4},"end":{"line":90,"column":9}},"31":{"start":{"line":90,"column":9},"end":{"line":90,"column":null}},"32":{"start":{"line":91,"column":4},"end":{"line":91,"column":8}},"33":{"start":{"line":91,"column":8},"end":{"line":91,"column":null}},"34":{"start":{"line":92,"column":4},"end":{"line":92,"column":10}},"35":{"start":{"line":92,"column":10},"end":{"line":92,"column":null}},"36":{"start":{"line":93,"column":4},"end":{"line":93,"column":9}},"37":{"start":{"line":93,"column":9},"end":{"line":93,"column":null}},"38":{"start":{"line":94,"column":11},"end":{"line":94,"column":null}},"39":{"start":{"line":95,"column":15},"end":{"line":95,"column":null}},"40":{"start":{"line":96,"column":16},"end":{"line":96,"column":null}},"41":{"start":{"line":97,"column":12},"end":{"line":97,"column":null}},"42":{"start":{"line":98,"column":13},"end":{"line":98,"column":null}},"43":{"start":{"line":99,"column":12},"end":{"line":99,"column":null}},"44":{"start":{"line":100,"column":19},"end":{"line":114,"column":null}},"45":{"start":{"line":117,"column":0},"end":{"line":117,"column":20}}},"fnMap":{"0":{"name":"(anonymous_0)","decl":{"start":{"line":20,"column":41},"end":{"line":20,"column":42}},"loc":{"start":{"line":20,"column":48},"end":{"line":20,"column":65}}},"1":{"name":"(anonymous_1)","decl":{"start":{"line":23,"column":41},"end":{"line":23,"column":42}},"loc":{"start":{"line":23,"column":48},"end":{"line":32,"column":1}}},"2":{"name":"(anonymous_2)","decl":{"start":{"line":35,"column":37},"end":{"line":35,"column":38}},"loc":{"start":{"line":35,"column":42},"end":{"line":35,"column":59}}},"3":{"name":"(anonymous_3)","decl":{"start":{"line":38,"column":41},"end":{"line":38,"column":42}},"loc":{"start":{"line":38,"column":46},"end":{"line":39,"column":14}}},"4":{"name":"(anonymous_4)","decl":{"start":{"line":57,"column":17},"end":{"line":57,"column":18}},"loc":{"start":{"line":57,"column":23},"end":{"line":57,"column":41}}},"5":{"name":"(anonymous_5)","decl":{"start":{"line":58,"column":17},"end":{"line":58,"column":18}},"loc":{"start":{"line":58,"column":23},"end":{"line":58,"column":41}}},"6":{"name":"(anonymous_6)","decl":{"start":{"line":59,"column":15},"end":{"line":59,"column":16}},"loc":{"start":{"line":59,"column":21},"end":{"line":59,"column":37}}},"7":{"name":"(anonymous_7)","decl":{"start":{"line":60,"column":17},"end":{"line":60,"column":18}},"loc":{"start":{"line":60,"column":23},"end":{"line":60,"column":41}}},"8":{"name":"(anonymous_8)","decl":{"start":{"line":61,"column":16},"end":{"line":61,"column":17}},"loc":{"start":{"line":61,"column":22},"end":{"line":61,"column":32}}},"9":{"name":"(anonymous_9)","decl":{"start":{"line":62,"column":11},"end":{"line":62,"column":12}},"loc":{"start":{"line":62,"column":17},"end":{"line":62,"column":27}}},"10":{"name":"(anonymous_10)","decl":{"start":{"line":65,"column":18},"end":{"line":65,"column":19}},"loc":{"start":{"line":65,"column":24},"end":{"line":65,"column":44}}},"11":{"name":"(anonymous_11)","decl":{"start":{"line":68,"column":18},"end":{"line":68,"column":19}},"loc":{"start":{"line":68,"column":24},"end":{"line":68,"column":44}}},"12":{"name":"(anonymous_12)","decl":{"start":{"line":88,"column":2},"end":{"line":88,"column":3}},"loc":{"start":{"line":100,"column":14},"end":{"line":100,"column":null}}}},"branchMap":{"0":{"loc":{"start":{"line":9,"column":22},"end":{"line":9,"column":39}},"type":"binary-expr","locations":[{"start":{"line":9,"column":22},"end":{"line":9,"column":39}},{"start":{"line":9,"column":43},"end":{"line":9,"column":59}}]},"1":{"loc":{"start":{"line":25,"column":4},"end":{"line":26,"column":17}},"type":"switch","locations":[{"start":{"line":25,"column":4},"end":{"line":26,"column":17}},{"start":{"line":27,"column":4},"end":{"line":28,"column":17}},{"start":{"line":29,"column":4},"end":{"line":30,"column":17}}]},"2":{"loc":{"start":{"line":56,"column":27},"end":{"line":56,"column":34}},"type":"binary-expr","locations":[{"start":{"line":56,"column":27},"end":{"line":56,"column":34}},{"start":{"line":56,"column":27},"end":{"line":71,"column":2}}]},"3":{"loc":{"start":{"line":89,"column":9},"end":{"line":89,"column":12}},"type":"cond-expr","locations":[{"start":{"line":89,"column":9},"end":{"line":89,"column":12}},{"start":{"line":89,"column":12},"end":{"line":89,"column":null}}]},"4":{"loc":{"start":{"line":90,"column":12},"end":{"line":90,"column":21}},"type":"cond-expr","locations":[{"start":{"line":90,"column":12},"end":{"line":90,"column":21}},{"start":{"line":90,"column":21},"end":{"line":90,"column":null}}]},"5":{"loc":{"start":{"line":91,"column":11},"end":{"line":91,"column":20}},"type":"cond-expr","locations":[{"start":{"line":91,"column":11},"end":{"line":91,"column":20}},{"start":{"line":91,"column":20},"end":{"line":91,"column":null}}]},"6":{"loc":{"start":{"line":92,"column":13},"end":{"line":92,"column":22}},"type":"cond-expr","locations":[{"start":{"line":92,"column":13},"end":{"line":92,"column":22}},{"start":{"line":92,"column":22},"end":{"line":92,"column":null}}]},"7":{"loc":{"start":{"line":93,"column":12},"end":{"line":93,"column":21}},"type":"cond-expr","locations":[{"start":{"line":93,"column":12},"end":{"line":93,"column":21}},{"start":{"line":93,"column":21},"end":{"line":93,"column":null}}]},"8":{"loc":{"start":{"line":102,"column":21},"end":{"line":102,"column":26}},"type":"cond-expr","locations":[{"start":{"line":102,"column":21},"end":{"line":102,"column":26}},{"start":{"line":102,"column":29},"end":{"line":102,"column":31}}]},"9":{"loc":{"start":{"line":112,"column":27},"end":{"line":112,"column":81}},"type":"cond-expr","locations":[{"start":{"line":112,"column":27},"end":{"line":112,"column":81}},{"start":{"line":112,"column":84},"end":{"line":112,"column":92}}]}},"s":{"0":1,"1":2,"2":1,"3":1,"4":1,"5":1,"6":1,"7":1,"8":1,"9":1,"10":1,"11":0,"12":1,"13":0,"14":1,"15":1,"16":1,"17":1,"18":1,"19":1,"20":1,"21":1,"22":1,"23":1,"24":1,"25":1,"26":1,"27":1,"28":1,"29":1,"30":1,"31":1,"32":1,"33":1,"34":1,"35":1,"36":1,"37":1,"38":1,"39":1,"40":1,"41":1,"42":1,"43":1,"44":1,"45":1},"f":{"0":1,"1":1,"2":1,"3":1,"4":1,"5":1,"6":1,"7":1,"8":1,"9":1,"10":1,"11":1,"12":1},"b":{"0":[1,0],"1":[0,1,0],"2":[1,1],"3":[1,0],"4":[1,0],"5":[1,0],"6":[1,0],"7":[1,0],"8":[0,1],"9":[0,1]}}
,"/Users/dennis.oliveira/www/youse/cargo-components-community/src/cargo/utils/functions/getCargoSpacing.ts": {"path":"/Users/dennis.oliveira/www/youse/cargo-components-community/src/cargo/utils/functions/getCargoSpacing.ts","statementMap":{"0":{"start":{"line":3,"column":45},"end":{"line":7,"column":1}},"1":{"start":{"line":4,"column":16},"end":{"line":4,"column":32}},"2":{"start":{"line":5,"column":17},"end":{"line":5,"column":65}},"3":{"start":{"line":6,"column":2},"end":{"line":6,"column":43}},"4":{"start":{"line":11,"column":49},"end":{"line":11,"column":63}},"5":{"start":{"line":11,"column":60},"end":{"line":11,"column":90}},"6":{"start":{"line":14,"column":9},"end":{"line":14,"column":26}},"7":{"start":{"line":13,"column":0},"end":{"line":13,"column":31}}},"fnMap":{"0":{"name":"(anonymous_0)","decl":{"start":{"line":3,"column":45},"end":{"line":3,"column":46}},"loc":{"start":{"line":3,"column":52},"end":{"line":7,"column":1}}},"1":{"name":"(anonymous_1)","decl":{"start":{"line":11,"column":49},"end":{"line":11,"column":50}},"loc":{"start":{"line":11,"column":55},"end":{"line":11,"column":63}}}},"branchMap":{"0":{"loc":{"start":{"line":5,"column":30},"end":{"line":5,"column":39}},"type":"cond-expr","locations":[{"start":{"line":5,"column":30},"end":{"line":5,"column":39}},{"start":{"line":5,"column":42},"end":{"line":5,"column":65}}]},"1":{"loc":{"start":{"line":6,"column":22},"end":{"line":6,"column":33}},"type":"cond-expr","locations":[{"start":{"line":6,"column":22},"end":{"line":6,"column":33}},{"start":{"line":6,"column":36},"end":{"line":6,"column":42}}]}},"s":{"0":1,"1":1,"2":1,"3":1,"4":1,"5":0,"6":1,"7":1},"f":{"0":1,"1":0},"b":{"0":[1,0],"1":[0,1]}}
,"/Users/dennis.oliveira/www/youse/cargo-components-community/src/cargo/utils/functions/getDefinedStyle.ts": {"path":"/Users/dennis.oliveira/www/youse/cargo-components-community/src/cargo/utils/functions/getDefinedStyle.ts","statementMap":{"0":{"start":{"line":5,"column":2},"end":{"line":5,"column":null}},"1":{"start":{"line":5,"column":26},"end":{"line":5,"column":42}},"2":{"start":{"line":1,"column":0},"end":{"line":1,"column":24}},"3":{"start":{"line":8,"column":14},"end":{"line":8,"column":16}},"4":{"start":{"line":14,"column":14},"end":{"line":14,"column":31}},"5":{"start":{"line":15,"column":2},"end":{"line":17,"column":null}},"6":{"start":{"line":16,"column":4},"end":{"line":16,"column":null}},"7":{"start":{"line":19,"column":2},"end":{"line":21,"column":null}},"8":{"start":{"line":20,"column":4},"end":{"line":20,"column":null}},"9":{"start":{"line":23,"column":2},"end":{"line":23,"column":null}},"10":{"start":{"line":9,"column":0},"end":{"line":9,"column":16}}},"fnMap":{"0":{"name":"getDefinedStyle","decl":{"start":{"line":1,"column":24},"end":{"line":1,"column":39}},"loc":{"start":{"line":3,"column":14},"end":{"line":6,"column":1}}},"1":{"name":"(anonymous_1)","decl":{"start":{"line":5,"column":21},"end":{"line":5,"column":22}},"loc":{"start":{"line":5,"column":22},"end":{"line":5,"column":27}}},"2":{"name":"getCachedDefinedStyle","decl":{"start":{"line":9,"column":16},"end":{"line":9,"column":37}},"loc":{"start":{"line":12,"column":14},"end":{"line":24,"column":1}}}},"branchMap":{"0":{"loc":{"start":{"line":5,"column":9},"end":{"line":5,"column":42}},"type":"binary-expr","locations":[{"start":{"line":5,"column":9},"end":{"line":5,"column":42}},{"start":{"line":5,"column":46},"end":{"line":5,"column":54}}]},"1":{"loc":{"start":{"line":15,"column":2},"end":{"line":17,"column":null}},"type":"if","locations":[{"start":{"line":15,"column":2},"end":{"line":17,"column":null}},{"start":{"line":15,"column":2},"end":{"line":17,"column":null}}]},"2":{"loc":{"start":{"line":19,"column":2},"end":{"line":21,"column":null}},"type":"if","locations":[{"start":{"line":19,"column":2},"end":{"line":21,"column":null}},{"start":{"line":19,"column":2},"end":{"line":21,"column":null}}]}},"s":{"0":2,"1":5,"2":1,"3":1,"4":0,"5":0,"6":0,"7":0,"8":0,"9":0,"10":1},"f":{"0":2,"1":5,"2":0},"b":{"0":[2,0],"1":[0,0],"2":[0,0]}}
,"/Users/dennis.oliveira/www/youse/cargo-components-community/src/cargo/utils/functions/getResponsiveProps.ts": {"path":"/Users/dennis.oliveira/www/youse/cargo-components-community/src/cargo/utils/functions/getResponsiveProps.ts","statementMap":{"0":{"start":{"line":12,"column":28},"end":{"line":12,"column":80}},"1":{"start":{"line":13,"column":25},"end":{"line":13,"column":53}},"2":{"start":{"line":14,"column":26},"end":{"line":14,"column":55}},"3":{"start":{"line":15,"column":24},"end":{"line":15,"column":88}},"4":{"start":{"line":15,"column":50},"end":{"line":15,"column":88}},"5":{"start":{"line":17,"column":17},"end":{"line":17,"column":19}},"6":{"start":{"line":19,"column":2},"end":{"line":19,"column":99}},"7":{"start":{"line":21,"column":2},"end":{"line":22,"column":98}},"8":{"start":{"line":24,"column":2},"end":{"line":27,"column":31}},"9":{"start":{"line":29,"column":2},"end":{"line":29,"column":16}},"10":{"start":{"line":38,"column":2},"end":{"line":44,"column":4}},"11":{"start":{"line":39,"column":23},"end":{"line":42,"column":null}},"12":{"start":{"line":48,"column":9},"end":{"line":48,"column":37}},"13":{"start":{"line":47,"column":0},"end":{"line":47,"column":34}}},"fnMap":{"0":{"name":"getResponsiveProps","decl":{"start":{"line":6,"column":9},"end":{"line":6,"column":27}},"loc":{"start":{"line":10,"column":65},"end":{"line":30,"column":1}}},"1":{"name":"(anonymous_1)","decl":{"start":{"line":15,"column":43},"end":{"line":15,"column":44}},"loc":{"start":{"line":15,"column":45},"end":{"line":15,"column":51}}},"2":{"name":"getResponsivePropsCollection","decl":{"start":{"line":32,"column":9},"end":{"line":32,"column":37}},"loc":{"start":{"line":36,"column":64},"end":{"line":45,"column":1}}},"3":{"name":"(anonymous_3)","decl":{"start":{"line":39,"column":4},"end":{"line":39,"column":5}},"loc":{"start":{"line":39,"column":18},"end":{"line":39,"column":null}}}},"branchMap":{"0":{"loc":{"start":{"line":15,"column":24},"end":{"line":15,"column":38}},"type":"binary-expr","locations":[{"start":{"line":15,"column":24},"end":{"line":15,"column":38}},{"start":{"line":15,"column":43},"end":{"line":15,"column":51}}]},"1":{"loc":{"start":{"line":15,"column":69},"end":{"line":15,"column":81}},"type":"cond-expr","locations":[{"start":{"line":15,"column":69},"end":{"line":15,"column":81}},{"start":{"line":15,"column":84},"end":{"line":15,"column":86}}]},"2":{"loc":{"start":{"line":19,"column":53},"end":{"line":19,"column":83}},"type":"cond-expr","locations":[{"start":{"line":19,"column":53},"end":{"line":19,"column":83}},{"start":{"line":19,"column":86},"end":{"line":19,"column":98}}]},"3":{"loc":{"start":{"line":22,"column":42},"end":{"line":22,"column":78}},"type":"cond-expr","locations":[{"start":{"line":22,"column":42},"end":{"line":22,"column":78}},{"start":{"line":22,"column":81},"end":{"line":22,"column":97}}]},"4":{"loc":{"start":{"line":26,"column":8},"end":{"line":26,"column":45}},"type":"cond-expr","locations":[{"start":{"line":26,"column":8},"end":{"line":26,"column":45}},{"start":{"line":27,"column":8},"end":{"line":27,"column":30}}]}},"s":{"0":0,"1":0,"2":0,"3":0,"4":0,"5":0,"6":0,"7":0,"8":0,"9":0,"10":0,"11":0,"12":0,"13":0},"f":{"0":0,"1":0,"2":0,"3":0},"b":{"0":[0,0],"1":[0,0],"2":[0,0],"3":[0,0],"4":[0,0]}}
,"/Users/dennis.oliveira/www/youse/cargo-components-community/src/cargo/utils/hooks/useWindowSize.ts": {"path":"/Users/dennis.oliveira/www/youse/cargo-components-community/src/cargo/utils/hooks/useWindowSize.ts","statementMap":{"0":{"start":{"line":1,"column":0},"end":{"line":1,"column":31}},"1":{"start":{"line":4,"column":2},"end":{"line":11,"column":null}},"2":{"start":{"line":5,"column":4},"end":{"line":10,"column":6}},"3":{"start":{"line":13,"column":2},"end":{"line":18,"column":4}},"4":{"start":{"line":22,"column":38},"end":{"line":22,"column":63}},"5":{"start":{"line":22,"column":19},"end":{"line":22,"column":21}},"6":{"start":{"line":22,"column":34},"end":{"line":22,"column":38}},"7":{"start":{"line":25,"column":4},"end":{"line":25,"column":29}},"8":{"start":{"line":28,"column":2},"end":{"line":33,"column":9}},"9":{"start":{"line":29,"column":4},"end":{"line":29,"column":52}},"10":{"start":{"line":30,"column":4},"end":{"line":32,"column":6}},"11":{"start":{"line":31,"column":6},"end":{"line":31,"column":57}},"12":{"start":{"line":35,"column":2},"end":{"line":35,"column":20}},"13":{"start":{"line":38,"column":0},"end":{"line":38,"column":29}}},"fnMap":{"0":{"name":"getSize","decl":{"start":{"line":3,"column":9},"end":{"line":3,"column":16}},"loc":{"start":{"line":3,"column":16},"end":{"line":19,"column":1}}},"1":{"name":"useWindowSize","decl":{"start":{"line":21,"column":9},"end":{"line":21,"column":22}},"loc":{"start":{"line":21,"column":22},"end":{"line":36,"column":1}}},"2":{"name":"handleResize","decl":{"start":{"line":24,"column":11},"end":{"line":24,"column":23}},"loc":{"start":{"line":24,"column":23},"end":{"line":26,"column":3}}},"3":{"name":"(anonymous_3)","decl":{"start":{"line":28,"column":18},"end":{"line":28,"column":null}},"loc":{"start":{"line":28,"column":18},"end":{"line":33,"column":3}}},"4":{"name":"(anonymous_4)","decl":{"start":{"line":30,"column":11},"end":{"line":30,"column":null}},"loc":{"start":{"line":30,"column":11},"end":{"line":32,"column":5}}}},"branchMap":{"0":{"loc":{"start":{"line":4,"column":2},"end":{"line":11,"column":null}},"type":"if","locations":[{"start":{"line":4,"column":2},"end":{"line":11,"column":null}},{"start":{"line":4,"column":2},"end":{"line":11,"column":null}}]}},"s":{"0":0,"1":0,"2":0,"3":0,"4":0,"5":0,"6":0,"7":0,"8":0,"9":0,"10":0,"11":0,"12":0,"13":0},"f":{"0":0,"1":0,"2":0,"3":0,"4":0},"b":{"0":[0,0]}}
,"/Users/dennis.oliveira/www/youse/cargo-components-community/src/config/designTokens.ts": {"path":"/Users/dennis.oliveira/www/youse/cargo-components-community/src/config/designTokens.ts","statementMap":{"0":{"start":{"line":1,"column":0},"end":{"line":1,"column":71}},"1":{"start":{"line":74,"column":35},"end":{"line":215,"column":2}},"2":{"start":{"line":217,"column":0},"end":{"line":217,"column":28}}},"fnMap":{},"branchMap":{},"s":{"0":1,"1":1,"2":1},"f":{},"b":{}}
,"/Users/dennis.oliveira/www/youse/cargo-components-community/src/themes/standardTheme.ts": {"path":"/Users/dennis.oliveira/www/youse/cargo-components-community/src/themes/standardTheme.ts","statementMap":{"0":{"start":{"line":1,"column":0},"end":{"line":1,"column":50}},"1":{"start":{"line":3,"column":0},"end":{"line":120,"column":2}}},"fnMap":{},"branchMap":{},"s":{"0":1,"1":1},"f":{},"b":{}}
}
