TN:
SF:src/index.tsx
FN:1,(anonymous_1)
FN:2,(anonymous_2)
FNF:2
FNH:0
FNDA:0,(anonymous_1)
FNDA:0,(anonymous_2)
DA:1,0
DA:2,0
LF:2
LH:0
BRF:0
BRH:0
end_of_record
TN:
SF:src/cargo/GlobalStyles/GlobalStyles.tsx
FN:17,(anonymous_0)
FN:202,(anonymous_1)
FNF:2
FNH:0
FNDA:0,(anonymous_0)
FNDA:0,(anonymous_1)
DA:6,0
DA:8,0
DA:17,0
DA:202,0
DA:639,0
LF:5
LH:0
BRDA:8,0,0,0
BRDA:8,0,1,0
BRF:2
BRH:0
end_of_record
TN:
SF:src/cargo/Text/Text.stories.tsx
FN:16,(anonymous_0)
FN:18,(anonymous_1)
FN:20,(anonymous_2)
FNF:3
FNH:0
FNDA:0,(anonymous_0)
FNDA:0,(anonymous_1)
FNDA:0,(anonymous_2)
DA:2,0
DA:3,0
DA:4,0
DA:13,0
DA:14,0
DA:16,0
DA:18,0
DA:20,0
LF:8
LH:0
BRDA:21,0,0,0
BRDA:21,0,1,0
BRF:2
BRH:0
end_of_record
TN:
SF:src/cargo/Text/Text.styles.tsx
FN:15,(anonymous_0)
FN:40,(anonymous_1)
FN:50,(anonymous_2)
FN:60,(anonymous_3)
FNF:4
FNH:4
FNDA:1,(anonymous_0)
FNDA:1,(anonymous_1)
FNDA:1,(anonymous_2)
FNDA:1,(anonymous_3)
DA:1,1
DA:2,1
DA:4,1
DA:15,1
DA:40,1
DA:50,1
DA:60,1
DA:69,1
LF:8
LH:8
BRDA:4,0,0,1
BRDA:4,0,1,1
BRF:2
BRH:2
end_of_record
TN:
SF:src/cargo/Text/Text.tsx
FN:20,(anonymous_0)
FN:23,(anonymous_1)
FN:35,(anonymous_2)
FN:38,(anonymous_3)
FN:57,(anonymous_4)
FN:58,(anonymous_5)
FN:59,(anonymous_6)
FN:60,(anonymous_7)
FN:61,(anonymous_8)
FN:62,(anonymous_9)
FN:65,(anonymous_10)
FN:68,(anonymous_11)
FN:88,(anonymous_12)
FNF:13
FNH:13
FNDA:1,(anonymous_0)
FNDA:1,(anonymous_1)
FNDA:1,(anonymous_2)
FNDA:1,(anonymous_3)
FNDA:1,(anonymous_4)
FNDA:1,(anonymous_5)
FNDA:1,(anonymous_6)
FNDA:1,(anonymous_7)
FNDA:1,(anonymous_8)
FNDA:1,(anonymous_9)
FNDA:1,(anonymous_10)
FNDA:1,(anonymous_11)
FNDA:1,(anonymous_12)
DA:2,1
DA:3,2
DA:4,1
DA:5,1
DA:6,1
DA:7,1
DA:9,1
DA:20,1
DA:23,1
DA:24,1
DA:26,0
DA:28,1
DA:30,0
DA:35,1
DA:38,1
DA:39,1
DA:56,1
DA:57,1
DA:58,1
DA:59,1
DA:60,1
DA:61,1
DA:62,1
DA:65,1
DA:68,1
DA:87,1
DA:89,1
DA:90,1
DA:91,1
DA:92,1
DA:93,1
DA:94,1
DA:95,1
DA:96,1
DA:97,1
DA:98,1
DA:99,1
DA:100,1
DA:117,1
LF:39
LH:37
BRDA:9,0,0,1
BRDA:9,0,1,0
BRDA:25,1,0,0
BRDA:25,1,1,1
BRDA:25,1,2,0
BRDA:56,2,0,1
BRDA:56,2,1,1
BRDA:89,3,0,1
BRDA:89,3,1,0
BRDA:90,4,0,1
BRDA:90,4,1,0
BRDA:91,5,0,1
BRDA:91,5,1,0
BRDA:92,6,0,1
BRDA:92,6,1,0
BRDA:93,7,0,1
BRDA:93,7,1,0
BRDA:102,8,0,0
BRDA:102,8,1,1
BRDA:112,9,0,0
BRDA:112,9,1,1
BRF:21
BRH:11
end_of_record
TN:
SF:src/cargo/utils/functions/getCargoSpacing.ts
FN:3,(anonymous_0)
FN:11,(anonymous_1)
FNF:2
FNH:1
FNDA:1,(anonymous_0)
FNDA:0,(anonymous_1)
DA:3,1
DA:4,1
DA:5,1
DA:6,1
DA:11,1
DA:13,1
DA:14,1
LF:7
LH:7
BRDA:5,0,0,1
BRDA:5,0,1,0
BRDA:6,1,0,0
BRDA:6,1,1,1
BRF:4
BRH:2
end_of_record
TN:
SF:src/cargo/utils/functions/getDefinedStyle.ts
FN:1,getDefinedStyle
FN:5,(anonymous_1)
FN:9,getCachedDefinedStyle
FNF:3
FNH:2
FNDA:2,getDefinedStyle
FNDA:5,(anonymous_1)
FNDA:0,getCachedDefinedStyle
DA:1,1
DA:5,5
DA:8,1
DA:9,1
DA:14,0
DA:15,0
DA:16,0
DA:19,0
DA:20,0
DA:23,0
LF:10
LH:4
BRDA:5,0,0,2
BRDA:5,0,1,0
BRDA:15,1,0,0
BRDA:15,1,1,0
BRDA:19,2,0,0
BRDA:19,2,1,0
BRF:6
BRH:1
end_of_record
TN:
SF:src/cargo/utils/functions/getResponsiveProps.ts
FN:6,getResponsiveProps
FN:15,(anonymous_1)
FN:32,getResponsivePropsCollection
FN:39,(anonymous_3)
FNF:4
FNH:0
FNDA:0,getResponsiveProps
FNDA:0,(anonymous_1)
FNDA:0,getResponsivePropsCollection
FNDA:0,(anonymous_3)
DA:12,0
DA:13,0
DA:14,0
DA:15,0
DA:17,0
DA:19,0
DA:21,0
DA:24,0
DA:29,0
DA:38,0
DA:39,0
DA:47,0
DA:48,0
LF:13
LH:0
BRDA:15,0,0,0
BRDA:15,0,1,0
BRDA:15,1,0,0
BRDA:15,1,1,0
BRDA:19,2,0,0
BRDA:19,2,1,0
BRDA:22,3,0,0
BRDA:22,3,1,0
BRDA:26,4,0,0
BRDA:26,4,1,0
BRF:10
BRH:0
end_of_record
TN:
SF:src/cargo/utils/hooks/useWindowSize.ts
FN:3,getSize
FN:21,useWindowSize
FN:24,handleResize
FN:28,(anonymous_3)
FN:30,(anonymous_4)
FNF:5
FNH:0
FNDA:0,getSize
FNDA:0,useWindowSize
FNDA:0,handleResize
FNDA:0,(anonymous_3)
FNDA:0,(anonymous_4)
DA:1,0
DA:4,0
DA:5,0
DA:13,0
DA:22,0
DA:25,0
DA:28,0
DA:29,0
DA:30,0
DA:31,0
DA:35,0
DA:38,0
LF:12
LH:0
BRDA:4,0,0,0
BRDA:4,0,1,0
BRF:2
BRH:0
end_of_record
TN:
SF:src/config/designTokens.ts
FNF:0
FNH:0
DA:1,1
DA:74,1
DA:217,1
LF:3
LH:3
BRF:0
BRH:0
end_of_record
TN:
SF:src/themes/standardTheme.ts
FNF:0
FNH:0
DA:1,1
DA:3,1
LF:2
LH:2
BRF:0
BRH:0
end_of_record
